{"/Users/son/Desktop/w/w-design/src/components/elements/Button/getButtonProps.ts": {"path":"/Users/son/Desktop/w/w-design/src/components/elements/Button/getButtonProps.ts","statementMap":{"0":{"start":{"line":4,"column":2},"end":{"line":4,"column":12}},"1":{"start":{"line":5,"column":2},"end":{"line":5,"column":6}},"2":{"start":{"line":6,"column":2},"end":{"line":6,"column":7}},"3":{"start":{"line":7,"column":2},"end":{"line":7,"column":11}},"4":{"start":{"line":8,"column":2},"end":{"line":8,"column":4}},"5":{"start":{"line":9,"column":2},"end":{"line":9,"column":12}},"6":{"start":{"line":10,"column":2},"end":{"line":10,"column":11}},"7":{"start":{"line":12,"column":2},"end":{"line":20,"column":4}},"8":{"start":{"line":23,"column":28},"end":{"line":26,"column":1}},"9":{"start":{"line":24,"column":10},"end":{"line":24,"column":14}},"10":{"start":{"line":24,"column":16},"end":{"line":24,"column":22}},"11":{"start":{"line":25,"column":2},"end":{"line":25,"column":26}},"12":{"start":{"line":28,"column":30},"end":{"line":39,"column":1}},"13":{"start":{"line":29,"column":10},"end":{"line":29,"column":22}},"14":{"start":{"line":29,"column":24},"end":{"line":29,"column":36}},"15":{"start":{"line":29,"column":38},"end":{"line":29,"column":50}},"16":{"start":{"line":29,"column":52},"end":{"line":29,"column":56}},"17":{"start":{"line":29,"column":58},"end":{"line":29,"column":62}},"18":{"start":{"line":31,"column":2},"end":{"line":38,"column":4}},"19":{"start":{"line":41,"column":22},"end":{"line":64,"column":1}},"20":{"start":{"line":43,"column":4},"end":{"line":43,"column":10}},"21":{"start":{"line":44,"column":4},"end":{"line":44,"column":11}},"22":{"start":{"line":45,"column":4},"end":{"line":45,"column":11}},"23":{"start":{"line":46,"column":4},"end":{"line":46,"column":15}},"24":{"start":{"line":47,"column":4},"end":{"line":47,"column":13}},"25":{"start":{"line":48,"column":4},"end":{"line":48,"column":16}},"26":{"start":{"line":49,"column":4},"end":{"line":49,"column":16}},"27":{"start":{"line":52,"column":10},"end":{"line":52,"column":18}},"28":{"start":{"line":54,"column":2},"end":{"line":63,"column":4}},"29":{"start":{"line":66,"column":13},"end":{"line":87,"column":2}},"30":{"start":{"line":67,"column":10},"end":{"line":67,"column":15}},"31":{"start":{"line":69,"column":20},"end":{"line":72,"column":3}},"32":{"start":{"line":74,"column":2},"end":{"line":81,"column":3}},"33":{"start":{"line":75,"column":4},"end":{"line":75,"column":46}},"34":{"start":{"line":75,"column":26},"end":{"line":75,"column":46}},"35":{"start":{"line":77,"column":4},"end":{"line":80,"column":6}},"36":{"start":{"line":83,"column":2},"end":{"line":86,"column":4}}},"fnMap":{"0":{"name":"getAppearanceProps","decl":{"start":{"line":3,"column":9},"end":{"line":3,"column":27}},"loc":{"start":{"line":11,"column":14},"end":{"line":21,"column":1}}},"1":{"name":"(anonymous_3)","decl":{"start":{"line":23,"column":28},"end":{"line":23,"column":28}},"loc":{"start":{"line":23,"column":47},"end":{"line":26,"column":1}}},"2":{"name":"(anonymous_4)","decl":{"start":{"line":28,"column":30},"end":{"line":28,"column":30}},"loc":{"start":{"line":28,"column":49},"end":{"line":39,"column":1}}},"3":{"name":"(anonymous_5)","decl":{"start":{"line":41,"column":22},"end":{"line":41,"column":22}},"loc":{"start":{"line":41,"column":37},"end":{"line":64,"column":1}}},"4":{"name":"(anonymous_6)","decl":{"start":{"line":66,"column":30},"end":{"line":66,"column":30}},"loc":{"start":{"line":66,"column":45},"end":{"line":87,"column":1}}}},"branchMap":{"0":{"loc":{"start":{"line":74,"column":2},"end":{"line":81,"column":3}},"type":"if","locations":[{"start":{"line":74,"column":2},"end":{"line":81,"column":3}},{"start":{"line":74,"column":2},"end":{"line":81,"column":3}}]},"1":{"loc":{"start":{"line":75,"column":4},"end":{"line":75,"column":46}},"type":"if","locations":[{"start":{"line":75,"column":4},"end":{"line":75,"column":46}},{"start":{"line":75,"column":4},"end":{"line":75,"column":46}}]}},"s":{"0":0,"1":0,"2":0,"3":0,"4":0,"5":0,"6":0,"7":0,"8":0,"9":0,"10":0,"11":0,"12":0,"13":0,"14":0,"15":0,"16":0,"17":0,"18":0,"19":0,"20":0,"21":0,"22":0,"23":0,"24":0,"25":0,"26":0,"27":0,"28":0,"29":0,"30":0,"31":0,"32":0,"33":0,"34":0,"35":0,"36":0},"f":{"0":0,"1":0,"2":0,"3":0,"4":0},"b":{"0":[0,0],"1":[0,0]}}
,"/Users/son/Desktop/w/w-design/src/components/elements/Button/getButtonStyle.ts": {"path":"/Users/son/Desktop/w/w-design/src/components/elements/Button/getButtonStyle.ts","statementMap":{"0":{"start":{"line":1,"column":0},"end":{"line":1,"column":39}},"1":{"start":{"line":3,"column":0},"end":{"line":3,"column":75}},"2":{"start":{"line":4,"column":0},"end":{"line":10,"column":41}},"3":{"start":{"line":11,"column":0},"end":{"line":11,"column":42}},"4":{"start":{"line":14,"column":16},"end":{"line":18,"column":1}},"5":{"start":{"line":20,"column":15},"end":{"line":24,"column":1}},"6":{"start":{"line":27,"column":24},"end":{"line":42,"column":1}},"7":{"start":{"line":28,"column":10},"end":{"line":28,"column":19}},"8":{"start":{"line":28,"column":21},"end":{"line":28,"column":31}},"9":{"start":{"line":28,"column":33},"end":{"line":28,"column":38}},"10":{"start":{"line":29,"column":2},"end":{"line":40,"column":3}},"11":{"start":{"line":30,"column":4},"end":{"line":30,"column":80}},"12":{"start":{"line":30,"column":59},"end":{"line":30,"column":80}},"13":{"start":{"line":32,"column":4},"end":{"line":39,"column":6}},"14":{"start":{"line":41,"column":2},"end":{"line":41,"column":9}},"15":{"start":{"line":49,"column":10},"end":{"line":49,"column":20}},"16":{"start":{"line":49,"column":22},"end":{"line":49,"column":26}},"17":{"start":{"line":49,"column":28},"end":{"line":49,"column":33}},"18":{"start":{"line":49,"column":35},"end":{"line":49,"column":45}},"19":{"start":{"line":49,"column":47},"end":{"line":49,"column":52}},"20":{"start":{"line":52,"column":23},"end":{"line":52,"column":52}},"21":{"start":{"line":53,"column":22},"end":{"line":53,"column":50}},"22":{"start":{"line":54,"column":24},"end":{"line":54,"column":52}},"23":{"start":{"line":57,"column":2},"end":{"line":57,"column":28}},"24":{"start":{"line":57,"column":13},"end":{"line":57,"column":28}},"25":{"start":{"line":61,"column":13},"end":{"line":61,"column":89}},"26":{"start":{"line":62,"column":18},"end":{"line":62,"column":88}},"27":{"start":{"line":63,"column":19},"end":{"line":63,"column":89}},"28":{"start":{"line":64,"column":16},"end":{"line":64,"column":75}},"29":{"start":{"line":65,"column":21},"end":{"line":65,"column":80}},"30":{"start":{"line":66,"column":22},"end":{"line":66,"column":81}},"31":{"start":{"line":67,"column":15},"end":{"line":67,"column":83}},"32":{"start":{"line":69,"column":16},"end":{"line":69,"column":50}},"33":{"start":{"line":70,"column":21},"end":{"line":70,"column":60}},"34":{"start":{"line":71,"column":22},"end":{"line":71,"column":62}},"35":{"start":{"line":72,"column":20},"end":{"line":72,"column":57}},"36":{"start":{"line":73,"column":25},"end":{"line":73,"column":67}},"37":{"start":{"line":74,"column":26},"end":{"line":74,"column":69}},"38":{"start":{"line":75,"column":19},"end":{"line":75,"column":55}},"39":{"start":{"line":77,"column":2},"end":{"line":103,"column":3}},"40":{"start":{"line":78,"column":4},"end":{"line":78,"column":45}},"41":{"start":{"line":79,"column":4},"end":{"line":79,"column":50}},"42":{"start":{"line":80,"column":4},"end":{"line":80,"column":51}},"43":{"start":{"line":81,"column":4},"end":{"line":81,"column":49}},"44":{"start":{"line":82,"column":4},"end":{"line":82,"column":54}},"45":{"start":{"line":83,"column":4},"end":{"line":83,"column":55}},"46":{"start":{"line":84,"column":4},"end":{"line":84,"column":47}},"47":{"start":{"line":86,"column":4},"end":{"line":93,"column":5}},"48":{"start":{"line":87,"column":6},"end":{"line":87,"column":47}},"49":{"start":{"line":88,"column":6},"end":{"line":88,"column":52}},"50":{"start":{"line":89,"column":6},"end":{"line":89,"column":53}},"51":{"start":{"line":90,"column":6},"end":{"line":90,"column":51}},"52":{"start":{"line":91,"column":6},"end":{"line":91,"column":56}},"53":{"start":{"line":92,"column":6},"end":{"line":92,"column":57}},"54":{"start":{"line":95,"column":4},"end":{"line":102,"column":5}},"55":{"start":{"line":96,"column":6},"end":{"line":96,"column":47}},"56":{"start":{"line":97,"column":6},"end":{"line":97,"column":44}},"57":{"start":{"line":98,"column":6},"end":{"line":98,"column":53}},"58":{"start":{"line":99,"column":6},"end":{"line":99,"column":51}},"59":{"start":{"line":100,"column":6},"end":{"line":100,"column":56}},"60":{"start":{"line":101,"column":6},"end":{"line":101,"column":57}},"61":{"start":{"line":105,"column":20},"end":{"line":105,"column":98}},"62":{"start":{"line":107,"column":25},"end":{"line":107,"column":95}},"63":{"start":{"line":110,"column":23},"end":{"line":110,"column":45}},"64":{"start":{"line":112,"column":2},"end":{"line":154,"column":4}},"65":{"start":{"line":48,"column":0},"end":{"line":155,"column":1}}},"fnMap":{"0":{"name":"(anonymous_1)","decl":{"start":{"line":27,"column":24},"end":{"line":27,"column":24}},"loc":{"start":{"line":27,"column":43},"end":{"line":42,"column":1}}},"1":{"name":"getButtonStyle","decl":{"start":{"line":48,"column":16},"end":{"line":48,"column":30}},"loc":{"start":{"line":48,"column":41},"end":{"line":155,"column":1}}}},"branchMap":{"0":{"loc":{"start":{"line":29,"column":2},"end":{"line":40,"column":3}},"type":"if","locations":[{"start":{"line":29,"column":2},"end":{"line":40,"column":3}},{"start":{"line":29,"column":2},"end":{"line":40,"column":3}}]},"1":{"loc":{"start":{"line":30,"column":4},"end":{"line":30,"column":80}},"type":"if","locations":[{"start":{"line":30,"column":4},"end":{"line":30,"column":80}},{"start":{"line":30,"column":4},"end":{"line":30,"column":80}}]},"2":{"loc":{"start":{"line":30,"column":8},"end":{"line":30,"column":32}},"type":"binary-expr","locations":[{"start":{"line":30,"column":8},"end":{"line":30,"column":32}},{"start":{"line":30,"column":36},"end":{"line":30,"column":57}}]},"3":{"loc":{"start":{"line":32,"column":14},"end":{"line":32,"column":13}},"type":"binary-expr","locations":[{"start":{"line":32,"column":14},"end":{"line":32,"column":13}},{"start":{"line":32,"column":14},"end":{"line":39,"column":5}}]},"4":{"loc":{"start":{"line":57,"column":2},"end":{"line":57,"column":28}},"type":"if","locations":[{"start":{"line":57,"column":2},"end":{"line":57,"column":28}},{"start":{"line":57,"column":2},"end":{"line":57,"column":28}}]},"5":{"loc":{"start":{"line":77,"column":2},"end":{"line":103,"column":3}},"type":"if","locations":[{"start":{"line":77,"column":2},"end":{"line":103,"column":3}},{"start":{"line":77,"column":2},"end":{"line":103,"column":3}}]},"6":{"loc":{"start":{"line":86,"column":4},"end":{"line":93,"column":5}},"type":"if","locations":[{"start":{"line":86,"column":4},"end":{"line":93,"column":5}},{"start":{"line":86,"column":4},"end":{"line":93,"column":5}}]},"7":{"loc":{"start":{"line":95,"column":4},"end":{"line":102,"column":5}},"type":"if","locations":[{"start":{"line":95,"column":4},"end":{"line":102,"column":5}},{"start":{"line":95,"column":4},"end":{"line":102,"column":5}}]},"8":{"loc":{"start":{"line":107,"column":38},"end":{"line":107,"column":51}},"type":"cond-expr","locations":[{"start":{"line":107,"column":38},"end":{"line":107,"column":51}},{"start":{"line":107,"column":54},"end":{"line":107,"column":95}}]},"9":{"loc":{"start":{"line":112,"column":12},"end":{"line":112,"column":11}},"type":"binary-expr","locations":[{"start":{"line":112,"column":12},"end":{"line":112,"column":11}},{"start":{"line":112,"column":12},"end":{"line":154,"column":3}}]},"10":{"loc":{"start":{"line":124,"column":65},"end":{"line":124,"column":71}},"type":"cond-expr","locations":[{"start":{"line":124,"column":65},"end":{"line":124,"column":71}},{"start":{"line":124,"column":74},"end":{"line":124,"column":89}}]},"11":{"loc":{"start":{"line":124,"column":14},"end":{"line":124,"column":35}},"type":"binary-expr","locations":[{"start":{"line":124,"column":14},"end":{"line":124,"column":35}},{"start":{"line":124,"column":39},"end":{"line":124,"column":62}}]},"12":{"loc":{"start":{"line":125,"column":35},"end":{"line":125,"column":49}},"type":"cond-expr","locations":[{"start":{"line":125,"column":35},"end":{"line":125,"column":49}},{"start":{"line":125,"column":52},"end":{"line":125,"column":60}}]}},"s":{"0":0,"1":0,"2":0,"3":0,"4":0,"5":0,"6":0,"7":0,"8":0,"9":0,"10":0,"11":0,"12":0,"13":0,"14":0,"15":0,"16":0,"17":0,"18":0,"19":0,"20":0,"21":0,"22":0,"23":0,"24":0,"25":0,"26":0,"27":0,"28":0,"29":0,"30":0,"31":0,"32":0,"33":0,"34":0,"35":0,"36":0,"37":0,"38":0,"39":0,"40":0,"41":0,"42":0,"43":0,"44":0,"45":0,"46":0,"47":0,"48":0,"49":0,"50":0,"51":0,"52":0,"53":0,"54":0,"55":0,"56":0,"57":0,"58":0,"59":0,"60":0,"61":0,"62":0,"63":0,"64":0,"65":0},"f":{"0":0,"1":0},"b":{"0":[0,0],"1":[0,0],"2":[0,0],"3":[0,0],"4":[0,0],"5":[0,0],"6":[0,0],"7":[0,0],"8":[0,0],"9":[0,0],"10":[0,0],"11":[0,0],"12":[0,0]}}
,"/Users/son/Desktop/w/w-design/src/components/elements/Button/index.tsx": {"path":"/Users/son/Desktop/w/w-design/src/components/elements/Button/index.tsx","statementMap":{"0":{"start":{"line":1,"column":0},"end":{"line":1,"column":30}},"1":{"start":{"line":2,"column":0},"end":{"line":2,"column":38}},"2":{"start":{"line":4,"column":0},"end":{"line":4,"column":49}},"3":{"start":{"line":5,"column":0},"end":{"line":5,"column":49}},"4":{"start":{"line":7,"column":21},"end":{"line":9,"column":1}},"5":{"start":{"line":11,"column":16},"end":{"line":19,"column":1}},"6":{"start":{"line":21,"column":19},"end":{"line":23,"column":1}},"7":{"start":{"line":25,"column":0},"end":{"line":25,"column":36}},"8":{"start":{"line":25,"column":21},"end":{"line":25,"column":49}},"9":{"start":{"line":25,"column":0},"end":{"line":74,"column":0}},"10":{"start":{"line":53,"column":2},"end":{"line":56,"column":4}},"11":{"start":{"line":54,"column":4},"end":{"line":54,"column":22}},"12":{"start":{"line":55,"column":4},"end":{"line":55,"column":56}},"13":{"start":{"line":55,"column":30},"end":{"line":55,"column":56}},"14":{"start":{"line":37,"column":2},"end":{"line":39,"column":3}},"15":{"start":{"line":38,"column":4},"end":{"line":38,"column":65}},"16":{"start":{"line":38,"column":45},"end":{"line":38,"column":65}},"17":{"start":{"line":41,"column":2},"end":{"line":43,"column":3}},"18":{"start":{"line":42,"column":4},"end":{"line":42,"column":23}},"19":{"start":{"line":45,"column":2},"end":{"line":51,"column":3}},"20":{"start":{"line":48,"column":4},"end":{"line":48,"column":77}},"21":{"start":{"line":48,"column":25},"end":{"line":48,"column":77}},"22":{"start":{"line":50,"column":4},"end":{"line":50,"column":24}},"23":{"start":{"line":58,"column":2},"end":{"line":73,"column":3}},"24":{"start":{"line":59,"column":10},"end":{"line":59,"column":68}},"25":{"start":{"line":59,"column":12},"end":{"line":59,"column":20}},"26":{"start":{"line":59,"column":22},"end":{"line":59,"column":32}},"27":{"start":{"line":59,"column":34},"end":{"line":59,"column":44}},"28":{"start":{"line":59,"column":46},"end":{"line":59,"column":68}},"29":{"start":{"line":60,"column":24},"end":{"line":60,"column":59}},"30":{"start":{"line":61,"column":33},"end":{"line":61,"column":52}},"31":{"start":{"line":63,"column":4},"end":{"line":72,"column":6}},"32":{"start":{"line":28,"column":9},"end":{"line":35,"column":4}},"33":{"start":{"line":74,"column":0},"end":{"line":74,"column":1}},"34":{"start":{"line":76,"column":0},"end":{"line":76,"column":22}}},"fnMap":{"0":{"name":"(anonymous_11)","decl":{"start":{"line":25,"column":0},"end":{"line":null,"column":-1}},"loc":{"start":{"line":25,"column":0},"end":{"line":25,"column":-1}}},"1":{"name":"(anonymous_13)","decl":{"start":{"line":53,"column":17},"end":{"line":53,"column":17}},"loc":{"start":{"line":53,"column":34},"end":{"line":56,"column":3}}},"2":{"name":"(anonymous_14)","decl":{"start":{"line":37,"column":2},"end":{"line":null,"column":-1}},"loc":{"start":{"line":37,"column":2},"end":{"line":39,"column":3}}},"3":{"name":"(anonymous_15)","decl":{"start":{"line":41,"column":2},"end":{"line":null,"column":-1}},"loc":{"start":{"line":41,"column":2},"end":{"line":43,"column":3}}},"4":{"name":"(anonymous_16)","decl":{"start":{"line":45,"column":2},"end":{"line":null,"column":-1}},"loc":{"start":{"line":45,"column":2},"end":{"line":51,"column":3}}},"5":{"name":"(anonymous_17)","decl":{"start":{"line":58,"column":2},"end":{"line":null,"column":-1}},"loc":{"start":{"line":58,"column":2},"end":{"line":73,"column":3}}}},"branchMap":{"0":{"loc":{"start":{"line":7,"column":34},"end":{"line":7,"column":33}},"type":"binary-expr","locations":[{"start":{"line":7,"column":34},"end":{"line":7,"column":33}},{"start":{"line":7,"column":34},"end":{"line":9,"column":1}}]},"1":{"loc":{"start":{"line":11,"column":24},"end":{"line":11,"column":23}},"type":"binary-expr","locations":[{"start":{"line":11,"column":24},"end":{"line":11,"column":23}},{"start":{"line":11,"column":24},"end":{"line":19,"column":1}}]},"2":{"loc":{"start":{"line":21,"column":30},"end":{"line":21,"column":29}},"type":"binary-expr","locations":[{"start":{"line":21,"column":30},"end":{"line":21,"column":29}},{"start":{"line":21,"column":30},"end":{"line":23,"column":1}}]},"3":{"loc":{"start":{"line":25,"column":0},"end":{"line":74,"column":0}},"type":"binary-expr","locations":[{"start":{"line":25,"column":0},"end":{"line":74,"column":0}},{"start":{"line":25,"column":0},"end":{"line":74,"column":0}},{"start":{"line":25,"column":0},"end":{"line":74,"column":0}}]},"4":{"loc":{"start":{"line":55,"column":4},"end":{"line":55,"column":56}},"type":"if","locations":[{"start":{"line":55,"column":4},"end":{"line":55,"column":56}},{"start":{"line":55,"column":4},"end":{"line":55,"column":56}}]},"5":{"loc":{"start":{"line":38,"column":4},"end":{"line":38,"column":65}},"type":"if","locations":[{"start":{"line":38,"column":4},"end":{"line":38,"column":65}},{"start":{"line":38,"column":4},"end":{"line":38,"column":65}}]},"6":{"loc":{"start":{"line":38,"column":8},"end":{"line":38,"column":28}},"type":"binary-expr","locations":[{"start":{"line":38,"column":8},"end":{"line":38,"column":28}},{"start":{"line":38,"column":32},"end":{"line":38,"column":43}}]},"7":{"loc":{"start":{"line":48,"column":4},"end":{"line":48,"column":77}},"type":"if","locations":[{"start":{"line":48,"column":4},"end":{"line":48,"column":77}},{"start":{"line":48,"column":4},"end":{"line":48,"column":77}}]},"8":{"loc":{"start":{"line":48,"column":56},"end":{"line":48,"column":66}},"type":"cond-expr","locations":[{"start":{"line":48,"column":56},"end":{"line":48,"column":66}},{"start":{"line":48,"column":69},"end":{"line":48,"column":76}}]},"9":{"loc":{"start":{"line":66,"column":30},"end":{"line":66,"column":39}},"type":"cond-expr","locations":[{"start":{"line":66,"column":30},"end":{"line":66,"column":39}},{"start":{"line":66,"column":42},"end":{"line":66,"column":49}}]}},"s":{"0":0,"1":0,"2":0,"3":0,"4":0,"5":0,"6":0,"7":0,"8":0,"9":0,"10":0,"11":0,"12":0,"13":0,"14":0,"15":0,"16":0,"17":0,"18":0,"19":0,"20":0,"21":0,"22":0,"23":0,"24":0,"25":0,"26":0,"27":0,"28":0,"29":0,"30":0,"31":0,"32":0,"33":0,"34":0},"f":{"0":0,"1":0,"2":0,"3":0,"4":0,"5":0},"b":{"0":[0,0],"1":[0,0],"2":[0,0],"3":[0,0,0],"4":[0,0],"5":[0,0],"6":[0,0],"7":[0,0],"8":[0,0],"9":[0,0]}}
,"/Users/son/Desktop/w/w-design/src/components/elements/CustomTag/index.tsx": {"path":"/Users/son/Desktop/w/w-design/src/components/elements/CustomTag/index.tsx","statementMap":{"0":{"start":{"line":1,"column":0},"end":{"line":1,"column":30}},"1":{"start":{"line":2,"column":0},"end":{"line":2,"column":27}},"2":{"start":{"line":11,"column":18},"end":{"line":12,"column":74}},"3":{"start":{"line":11,"column":21},"end":{"line":11,"column":34}},"4":{"start":{"line":11,"column":36},"end":{"line":11,"column":44}},"5":{"start":{"line":11,"column":46},"end":{"line":11,"column":54}},"6":{"start":{"line":12,"column":2},"end":{"line":12,"column":74}},"7":{"start":{"line":14,"column":0},"end":{"line":14,"column":25}}},"fnMap":{"0":{"name":"(anonymous_5)","decl":{"start":{"line":11,"column":18},"end":{"line":11,"column":18}},"loc":{"start":{"line":11,"column":63},"end":{"line":12,"column":74}}}},"branchMap":{"0":{"loc":{"start":{"line":12,"column":26},"end":{"line":12,"column":39}},"type":"binary-expr","locations":[{"start":{"line":12,"column":26},"end":{"line":12,"column":39}},{"start":{"line":12,"column":43},"end":{"line":12,"column":48}}]}},"s":{"0":0,"1":0,"2":0,"3":0,"4":0,"5":0,"6":0,"7":0},"f":{"0":0},"b":{"0":[0,0]}}
,"/Users/son/Desktop/w/w-design/src/components/elements/Heading/index.tsx": {"path":"/Users/son/Desktop/w/w-design/src/components/elements/Heading/index.tsx","statementMap":{"0":{"start":{"line":1,"column":0},"end":{"line":1,"column":30}},"1":{"start":{"line":2,"column":0},"end":{"line":2,"column":47}},"2":{"start":{"line":3,"column":0},"end":{"line":3,"column":59}},"3":{"start":{"line":4,"column":0},"end":{"line":4,"column":59}},"4":{"start":{"line":7,"column":18},"end":{"line":17,"column":1}},"5":{"start":{"line":12,"column":33},"end":{"line":12,"column":64}},"6":{"start":{"line":13,"column":20},"end":{"line":13,"column":45}},"7":{"start":{"line":19,"column":11},"end":{"line":23,"column":1}},"8":{"start":{"line":20,"column":24},"end":{"line":20,"column":48}},"9":{"start":{"line":24,"column":0},"end":{"line":24,"column":22}},"10":{"start":{"line":26,"column":11},"end":{"line":30,"column":1}},"11":{"start":{"line":27,"column":24},"end":{"line":27,"column":48}},"12":{"start":{"line":31,"column":0},"end":{"line":31,"column":22}},"13":{"start":{"line":33,"column":11},"end":{"line":37,"column":1}},"14":{"start":{"line":34,"column":24},"end":{"line":34,"column":48}},"15":{"start":{"line":38,"column":0},"end":{"line":38,"column":22}},"16":{"start":{"line":40,"column":11},"end":{"line":44,"column":1}},"17":{"start":{"line":41,"column":24},"end":{"line":41,"column":48}},"18":{"start":{"line":45,"column":0},"end":{"line":45,"column":22}},"19":{"start":{"line":47,"column":11},"end":{"line":51,"column":1}},"20":{"start":{"line":48,"column":24},"end":{"line":48,"column":48}},"21":{"start":{"line":52,"column":0},"end":{"line":52,"column":22}},"22":{"start":{"line":54,"column":11},"end":{"line":58,"column":1}},"23":{"start":{"line":55,"column":24},"end":{"line":55,"column":48}},"24":{"start":{"line":59,"column":0},"end":{"line":59,"column":22}},"25":{"start":{"line":65,"column":0},"end":{"line":65,"column":41}},"26":{"start":{"line":65,"column":22},"end":{"line":65,"column":55}},"27":{"start":{"line":73,"column":2},"end":{"line":79,"column":3}},"28":{"start":{"line":74,"column":21},"end":{"line":76,"column":5}},"29":{"start":{"line":75,"column":6},"end":{"line":75,"column":66}},"30":{"start":{"line":78,"column":4},"end":{"line":78,"column":71}},"31":{"start":{"line":66,"column":9},"end":{"line":66,"column":17}},"32":{"start":{"line":67,"column":9},"end":{"line":67,"column":17}},"33":{"start":{"line":68,"column":9},"end":{"line":68,"column":17}},"34":{"start":{"line":69,"column":9},"end":{"line":69,"column":17}},"35":{"start":{"line":70,"column":9},"end":{"line":70,"column":17}},"36":{"start":{"line":71,"column":9},"end":{"line":71,"column":17}},"37":{"start":{"line":80,"column":0},"end":{"line":80,"column":1}},"38":{"start":{"line":82,"column":0},"end":{"line":82,"column":23}}},"fnMap":{"0":{"name":"(anonymous_10)","decl":{"start":{"line":12,"column":17},"end":{"line":12,"column":17}},"loc":{"start":{"line":12,"column":28},"end":{"line":12,"column":64}}},"1":{"name":"(anonymous_11)","decl":{"start":{"line":13,"column":11},"end":{"line":13,"column":10}},"loc":{"start":{"line":13,"column":16},"end":{"line":13,"column":45}}},"2":{"name":"(anonymous_12)","decl":{"start":{"line":20,"column":15},"end":{"line":20,"column":14}},"loc":{"start":{"line":20,"column":20},"end":{"line":20,"column":48}}},"3":{"name":"(anonymous_13)","decl":{"start":{"line":27,"column":15},"end":{"line":27,"column":14}},"loc":{"start":{"line":27,"column":20},"end":{"line":27,"column":48}}},"4":{"name":"(anonymous_14)","decl":{"start":{"line":34,"column":15},"end":{"line":34,"column":14}},"loc":{"start":{"line":34,"column":20},"end":{"line":34,"column":48}}},"5":{"name":"(anonymous_15)","decl":{"start":{"line":41,"column":15},"end":{"line":41,"column":14}},"loc":{"start":{"line":41,"column":20},"end":{"line":41,"column":48}}},"6":{"name":"(anonymous_16)","decl":{"start":{"line":48,"column":15},"end":{"line":48,"column":14}},"loc":{"start":{"line":48,"column":20},"end":{"line":48,"column":48}}},"7":{"name":"(anonymous_17)","decl":{"start":{"line":55,"column":15},"end":{"line":55,"column":14}},"loc":{"start":{"line":55,"column":20},"end":{"line":55,"column":48}}},"8":{"name":"(anonymous_18)","decl":{"start":{"line":65,"column":0},"end":{"line":null,"column":-1}},"loc":{"start":{"line":65,"column":0},"end":{"line":65,"column":-1}}},"9":{"name":"(anonymous_20)","decl":{"start":{"line":73,"column":2},"end":{"line":null,"column":-1}},"loc":{"start":{"line":73,"column":2},"end":{"line":79,"column":3}}},"10":{"name":"(anonymous_21)","decl":{"start":{"line":74,"column":61},"end":{"line":74,"column":60}},"loc":{"start":{"line":74,"column":66},"end":{"line":75,"column":66}}}},"branchMap":{"0":{"loc":{"start":{"line":7,"column":21},"end":{"line":7,"column":20}},"type":"binary-expr","locations":[{"start":{"line":7,"column":21},"end":{"line":7,"column":20}},{"start":{"line":7,"column":21},"end":{"line":17,"column":1}}]},"1":{"loc":{"start":{"line":19,"column":28},"end":{"line":19,"column":27}},"type":"binary-expr","locations":[{"start":{"line":19,"column":28},"end":{"line":19,"column":27}},{"start":{"line":19,"column":28},"end":{"line":23,"column":1}}]},"2":{"loc":{"start":{"line":26,"column":28},"end":{"line":26,"column":27}},"type":"binary-expr","locations":[{"start":{"line":26,"column":28},"end":{"line":26,"column":27}},{"start":{"line":26,"column":28},"end":{"line":30,"column":1}}]},"3":{"loc":{"start":{"line":33,"column":28},"end":{"line":33,"column":27}},"type":"binary-expr","locations":[{"start":{"line":33,"column":28},"end":{"line":33,"column":27}},{"start":{"line":33,"column":28},"end":{"line":37,"column":1}}]},"4":{"loc":{"start":{"line":40,"column":28},"end":{"line":40,"column":27}},"type":"binary-expr","locations":[{"start":{"line":40,"column":28},"end":{"line":40,"column":27}},{"start":{"line":40,"column":28},"end":{"line":44,"column":1}}]},"5":{"loc":{"start":{"line":47,"column":28},"end":{"line":47,"column":27}},"type":"binary-expr","locations":[{"start":{"line":47,"column":28},"end":{"line":47,"column":27}},{"start":{"line":47,"column":28},"end":{"line":51,"column":1}}]},"6":{"loc":{"start":{"line":54,"column":28},"end":{"line":54,"column":27}},"type":"binary-expr","locations":[{"start":{"line":54,"column":28},"end":{"line":54,"column":27}},{"start":{"line":54,"column":28},"end":{"line":58,"column":1}}]}},"s":{"0":1,"1":1,"2":1,"3":1,"4":1,"5":12,"6":12,"7":1,"8":2,"9":1,"10":1,"11":2,"12":1,"13":1,"14":2,"15":1,"16":1,"17":2,"18":1,"19":1,"20":2,"21":1,"22":1,"23":2,"24":1,"25":1,"26":1,"27":1,"28":0,"29":0,"30":0,"31":1,"32":1,"33":1,"34":1,"35":1,"36":1,"37":1,"38":1},"f":{"0":12,"1":12,"2":2,"3":2,"4":2,"5":2,"6":2,"7":2,"8":1,"9":0,"10":0},"b":{"0":[1,1],"1":[1,1],"2":[1,1],"3":[1,1],"4":[1,1],"5":[1,1],"6":[1,1]}}
,"/Users/son/Desktop/w/w-design/src/components/elements/Spinner/index.tsx": {"path":"/Users/son/Desktop/w/w-design/src/components/elements/Spinner/index.tsx","statementMap":{"0":{"start":{"line":1,"column":0},"end":{"line":1,"column":47}},"1":{"start":{"line":2,"column":0},"end":{"line":2,"column":43}},"2":{"start":{"line":3,"column":0},"end":{"line":3,"column":59}},"3":{"start":{"line":10,"column":13},"end":{"line":31,"column":2}},"4":{"start":{"line":17,"column":39},"end":{"line":17,"column":75}},"5":{"start":{"line":18,"column":36},"end":{"line":18,"column":61}},"6":{"start":{"line":33,"column":16},"end":{"line":55,"column":1}},"7":{"start":{"line":37,"column":4},"end":{"line":54,"column":5}},"8":{"start":{"line":57,"column":0},"end":{"line":57,"column":23}}},"fnMap":{"0":{"name":"(anonymous_2)","decl":{"start":{"line":17,"column":14},"end":{"line":17,"column":14}},"loc":{"start":{"line":17,"column":34},"end":{"line":17,"column":75}}},"1":{"name":"(anonymous_3)","decl":{"start":{"line":18,"column":20},"end":{"line":18,"column":20}},"loc":{"start":{"line":18,"column":31},"end":{"line":18,"column":61}}},"2":{"name":"(anonymous_4)","decl":{"start":{"line":36,"column":4},"end":{"line":36,"column":3}},"loc":{"start":{"line":36,"column":9},"end":{"line":54,"column":5}}}},"branchMap":{"0":{"loc":{"start":{"line":10,"column":32},"end":{"line":10,"column":31}},"type":"binary-expr","locations":[{"start":{"line":10,"column":32},"end":{"line":10,"column":31}},{"start":{"line":10,"column":32},"end":{"line":31,"column":1}}]},"1":{"loc":{"start":{"line":17,"column":54},"end":{"line":17,"column":63}},"type":"cond-expr","locations":[{"start":{"line":17,"column":54},"end":{"line":17,"column":63}},{"start":{"line":17,"column":66},"end":{"line":17,"column":74}}]},"2":{"loc":{"start":{"line":33,"column":26},"end":{"line":33,"column":39}},"type":"binary-expr","locations":[{"start":{"line":33,"column":26},"end":{"line":33,"column":39}},{"start":{"line":33,"column":26},"end":{"line":55,"column":1}}]},"3":{"loc":{"start":{"line":38,"column":8},"end":{"line":45,"column":6}},"type":"cond-expr","locations":[{"start":{"line":38,"column":8},"end":{"line":45,"column":6}},{"start":{"line":46,"column":8},"end":{"line":54,"column":5}}]}},"s":{"0":1,"1":1,"2":1,"3":1,"4":6,"5":6,"6":1,"7":6,"8":1},"f":{"0":6,"1":6,"2":6},"b":{"0":[1,1],"1":[4,2],"2":[1,1],"3":[4,2]}}
,"/Users/son/Desktop/w/w-design/src/components/elements/Typo/index.tsx": {"path":"/Users/son/Desktop/w/w-design/src/components/elements/Typo/index.tsx","statementMap":{"0":{"start":{"line":1,"column":0},"end":{"line":1,"column":25}},"1":{"start":{"line":2,"column":0},"end":{"line":2,"column":38}},"2":{"start":{"line":3,"column":0},"end":{"line":3,"column":37}},"3":{"start":{"line":5,"column":0},"end":{"line":5,"column":36}},"4":{"start":{"line":7,"column":14},"end":{"line":11,"column":1}},"5":{"start":{"line":7,"column":17},"end":{"line":7,"column":20}},"6":{"start":{"line":7,"column":22},"end":{"line":7,"column":32}},"7":{"start":{"line":7,"column":34},"end":{"line":7,"column":42}},"8":{"start":{"line":7,"column":44},"end":{"line":7,"column":51}},"9":{"start":{"line":7,"column":69},"end":{"line":11,"column":1}},"10":{"start":{"line":13,"column":13},"end":{"line":37,"column":1}},"11":{"start":{"line":15,"column":33},"end":{"line":15,"column":57}},"12":{"start":{"line":18,"column":12},"end":{"line":18,"column":21}},"13":{"start":{"line":20,"column":4},"end":{"line":35,"column":5}},"14":{"start":{"line":22,"column":8},"end":{"line":22,"column":28}},"15":{"start":{"line":24,"column":8},"end":{"line":24,"column":28}},"16":{"start":{"line":26,"column":8},"end":{"line":26,"column":28}},"17":{"start":{"line":28,"column":8},"end":{"line":28,"column":28}},"18":{"start":{"line":30,"column":8},"end":{"line":30,"column":28}},"19":{"start":{"line":32,"column":8},"end":{"line":32,"column":28}},"20":{"start":{"line":34,"column":8},"end":{"line":34,"column":28}},"21":{"start":{"line":39,"column":0},"end":{"line":39,"column":26}},"22":{"start":{"line":41,"column":0},"end":{"line":41,"column":20}}},"fnMap":{"0":{"name":"(anonymous_5)","decl":{"start":{"line":7,"column":14},"end":{"line":7,"column":14}},"loc":{"start":{"line":7,"column":64},"end":{"line":11,"column":1}}},"1":{"name":"(anonymous_6)","decl":{"start":{"line":15,"column":17},"end":{"line":15,"column":17}},"loc":{"start":{"line":15,"column":28},"end":{"line":15,"column":57}}},"2":{"name":"(anonymous_7)","decl":{"start":{"line":17,"column":15},"end":{"line":17,"column":15}},"loc":{"start":{"line":17,"column":26},"end":{"line":36,"column":3}}}},"branchMap":{"0":{"loc":{"start":{"line":8,"column":34},"end":{"line":8,"column":37}},"type":"cond-expr","locations":[{"start":{"line":8,"column":34},"end":{"line":8,"column":37}},{"start":{"line":8,"column":40},"end":{"line":8,"column":50}}]},"1":{"loc":{"start":{"line":13,"column":26},"end":{"line":13,"column":25}},"type":"binary-expr","locations":[{"start":{"line":13,"column":26},"end":{"line":13,"column":25}},{"start":{"line":13,"column":26},"end":{"line":37,"column":1}}]},"2":{"loc":{"start":{"line":21,"column":6},"end":{"line":22,"column":28}},"type":"switch","locations":[{"start":{"line":21,"column":6},"end":{"line":22,"column":28}},{"start":{"line":23,"column":6},"end":{"line":24,"column":28}},{"start":{"line":25,"column":6},"end":{"line":26,"column":28}},{"start":{"line":27,"column":6},"end":{"line":28,"column":28}},{"start":{"line":29,"column":6},"end":{"line":30,"column":28}},{"start":{"line":31,"column":6},"end":{"line":32,"column":28}},{"start":{"line":33,"column":6},"end":{"line":34,"column":28}}]}},"s":{"0":0,"1":0,"2":0,"3":0,"4":0,"5":0,"6":0,"7":0,"8":0,"9":0,"10":0,"11":0,"12":0,"13":0,"14":0,"15":0,"16":0,"17":0,"18":0,"19":0,"20":0,"21":0,"22":0},"f":{"0":0,"1":0,"2":0},"b":{"0":[0,0],"1":[0,0],"2":[0,0,0,0,0,0,0]}}
,"/Users/son/Desktop/w/w-design/src/components/layout/Container/index.tsx": {"path":"/Users/son/Desktop/w/w-design/src/components/layout/Container/index.tsx","statementMap":{"0":{"start":{"line":6,"column":0},"end":{"line":6,"column":38}},"1":{"start":{"line":7,"column":0},"end":{"line":7,"column":27}},"2":{"start":{"line":8,"column":0},"end":{"line":8,"column":73}},"3":{"start":{"line":10,"column":18},"end":{"line":19,"column":1}},"4":{"start":{"line":21,"column":0},"end":{"line":21,"column":36}},"5":{"start":{"line":23,"column":0},"end":{"line":23,"column":25}}},"fnMap":{},"branchMap":{"0":{"loc":{"start":{"line":10,"column":29},"end":{"line":10,"column":28}},"type":"binary-expr","locations":[{"start":{"line":10,"column":29},"end":{"line":10,"column":28}},{"start":{"line":10,"column":29},"end":{"line":19,"column":1}}]}},"s":{"0":1,"1":1,"2":1,"3":1,"4":1,"5":1},"f":{},"b":{"0":[1,1]}}
,"/Users/son/Desktop/w/w-design/src/components/layout/DisplayElement/index.tsx": {"path":"/Users/son/Desktop/w/w-design/src/components/layout/DisplayElement/index.tsx","statementMap":{"0":{"start":{"line":1,"column":0},"end":{"line":1,"column":30}},"1":{"start":{"line":2,"column":0},"end":{"line":2,"column":38}},"2":{"start":{"line":3,"column":0},"end":{"line":3,"column":39}},"3":{"start":{"line":4,"column":0},"end":{"line":4,"column":27}},"4":{"start":{"line":6,"column":13},"end":{"line":8,"column":1}},"5":{"start":{"line":14,"column":62},"end":{"line":18,"column":1}},"6":{"start":{"line":14,"column":71},"end":{"line":18,"column":1}},"7":{"start":{"line":20,"column":0},"end":{"line":20,"column":30}}},"fnMap":{"0":{"name":"(anonymous_5)","decl":{"start":{"line":14,"column":62},"end":{"line":14,"column":61}},"loc":{"start":{"line":14,"column":67},"end":{"line":18,"column":1}}}},"branchMap":{"0":{"loc":{"start":{"line":6,"column":24},"end":{"line":6,"column":23}},"type":"binary-expr","locations":[{"start":{"line":6,"column":24},"end":{"line":6,"column":23}},{"start":{"line":6,"column":24},"end":{"line":8,"column":1}}]}},"s":{"0":1,"1":1,"2":1,"3":1,"4":1,"5":1,"6":1,"7":1},"f":{"0":1},"b":{"0":[1,1]}}
,"/Users/son/Desktop/w/w-design/src/components/layout/Flexbox/Column.tsx": {"path":"/Users/son/Desktop/w/w-design/src/components/layout/Flexbox/Column.tsx","statementMap":{"0":{"start":{"line":1,"column":0},"end":{"line":1,"column":38}},"1":{"start":{"line":2,"column":0},"end":{"line":2,"column":27}},"2":{"start":{"line":3,"column":0},"end":{"line":11,"column":22}},"3":{"start":{"line":13,"column":13},"end":{"line":25,"column":2}},"4":{"start":{"line":27,"column":0},"end":{"line":27,"column":30}}},"fnMap":{},"branchMap":{"0":{"loc":{"start":{"line":13,"column":33},"end":{"line":13,"column":32}},"type":"binary-expr","locations":[{"start":{"line":13,"column":33},"end":{"line":13,"column":32}},{"start":{"line":13,"column":33},"end":{"line":25,"column":1}}]}},"s":{"0":1,"1":1,"2":1,"3":1,"4":1},"f":{},"b":{"0":[1,1]}}
,"/Users/son/Desktop/w/w-design/src/components/layout/Flexbox/Flex.tsx": {"path":"/Users/son/Desktop/w/w-design/src/components/layout/Flexbox/Flex.tsx","statementMap":{"0":{"start":{"line":1,"column":0},"end":{"line":1,"column":38}},"1":{"start":{"line":8,"column":13},"end":{"line":33,"column":2}},"2":{"start":{"line":17,"column":4},"end":{"line":24,"column":3}},"3":{"start":{"line":27,"column":4},"end":{"line":32,"column":3}},"4":{"start":{"line":35,"column":0},"end":{"line":35,"column":26}}},"fnMap":{"0":{"name":"(anonymous_2)","decl":{"start":{"line":15,"column":4},"end":{"line":15,"column":4}},"loc":{"start":{"line":15,"column":21},"end":{"line":24,"column":3}}},"1":{"name":"(anonymous_3)","decl":{"start":{"line":26,"column":4},"end":{"line":26,"column":4}},"loc":{"start":{"line":26,"column":21},"end":{"line":32,"column":3}}}},"branchMap":{"0":{"loc":{"start":{"line":8,"column":30},"end":{"line":8,"column":29}},"type":"binary-expr","locations":[{"start":{"line":8,"column":30},"end":{"line":8,"column":29}},{"start":{"line":8,"column":30},"end":{"line":33,"column":1}}]},"1":{"loc":{"start":{"line":17,"column":4},"end":{"line":17,"column":17}},"type":"binary-expr","locations":[{"start":{"line":17,"column":4},"end":{"line":17,"column":17}},{"start":{"line":18,"column":4},"end":{"line":24,"column":3}}]},"2":{"loc":{"start":{"line":27,"column":4},"end":{"line":27,"column":17}},"type":"binary-expr","locations":[{"start":{"line":27,"column":4},"end":{"line":27,"column":17}},{"start":{"line":28,"column":4},"end":{"line":32,"column":3}}]}},"s":{"0":1,"1":1,"2":2,"3":2,"4":1},"f":{"0":2,"1":2},"b":{"0":[1,1],"1":[2,0],"2":[2,0]}}
,"/Users/son/Desktop/w/w-design/src/components/layout/Flexbox/index.tsx": {"path":"/Users/son/Desktop/w/w-design/src/components/layout/Flexbox/index.tsx","statementMap":{"0":{"start":{"line":1,"column":0},"end":{"line":1,"column":30}},"1":{"start":{"line":2,"column":0},"end":{"line":2,"column":33}},"2":{"start":{"line":3,"column":0},"end":{"line":3,"column":29}},"3":{"start":{"line":10,"column":0},"end":{"line":10,"column":41}},"4":{"start":{"line":10,"column":22},"end":{"line":10,"column":55}},"5":{"start":{"line":13,"column":2},"end":{"line":23,"column":3}},"6":{"start":{"line":14,"column":10},"end":{"line":14,"column":59}},"7":{"start":{"line":14,"column":12},"end":{"line":14,"column":14}},"8":{"start":{"line":14,"column":16},"end":{"line":14,"column":25}},"9":{"start":{"line":14,"column":27},"end":{"line":14,"column":35}},"10":{"start":{"line":14,"column":37},"end":{"line":14,"column":59}},"11":{"start":{"line":16,"column":4},"end":{"line":22,"column":6}},"12":{"start":{"line":19,"column":10},"end":{"line":19,"column":70}},"13":{"start":{"line":11,"column":9},"end":{"line":11,"column":25}},"14":{"start":{"line":24,"column":0},"end":{"line":24,"column":1}},"15":{"start":{"line":26,"column":0},"end":{"line":26,"column":23}}},"fnMap":{"0":{"name":"(anonymous_10)","decl":{"start":{"line":10,"column":0},"end":{"line":null,"column":-1}},"loc":{"start":{"line":10,"column":0},"end":{"line":10,"column":-1}}},"1":{"name":"(anonymous_12)","decl":{"start":{"line":13,"column":2},"end":{"line":null,"column":-1}},"loc":{"start":{"line":13,"column":2},"end":{"line":23,"column":3}}},"2":{"name":"(anonymous_13)","decl":{"start":{"line":18,"column":38},"end":{"line":18,"column":37}},"loc":{"start":{"line":18,"column":43},"end":{"line":19,"column":70}}}},"branchMap":{},"s":{"0":1,"1":1,"2":1,"3":1,"4":1,"5":1,"6":1,"7":1,"8":1,"9":1,"10":1,"11":1,"12":1,"13":1,"14":1,"15":1},"f":{"0":2,"1":1,"2":1},"b":{}}
,"/Users/son/Desktop/w/w-design/src/components/layout/Provider/Root.tsx": {"path":"/Users/son/Desktop/w/w-design/src/components/layout/Provider/Root.tsx","statementMap":{"0":{"start":{"line":1,"column":0},"end":{"line":1,"column":38}},"1":{"start":{"line":2,"column":0},"end":{"line":2,"column":52}},"2":{"start":{"line":4,"column":15},"end":{"line":4,"column":27}},"3":{"start":{"line":6,"column":13},"end":{"line":119,"column":1}},"4":{"start":{"line":7,"column":33},"end":{"line":7,"column":57}},"5":{"start":{"line":121,"column":0},"end":{"line":121,"column":26}},"6":{"start":{"line":123,"column":0},"end":{"line":123,"column":20}}},"fnMap":{"0":{"name":"(anonymous_2)","decl":{"start":{"line":7,"column":17},"end":{"line":7,"column":17}},"loc":{"start":{"line":7,"column":28},"end":{"line":7,"column":57}}}},"branchMap":{"0":{"loc":{"start":{"line":6,"column":23},"end":{"line":6,"column":22}},"type":"binary-expr","locations":[{"start":{"line":6,"column":23},"end":{"line":6,"column":22}},{"start":{"line":6,"column":23},"end":{"line":119,"column":1}}]}},"s":{"0":3,"1":3,"2":3,"3":3,"4":12,"5":3,"6":3},"f":{"0":12},"b":{"0":[3,3]}}
,"/Users/son/Desktop/w/w-design/src/components/layout/Provider/index.tsx": {"path":"/Users/son/Desktop/w/w-design/src/components/layout/Provider/index.tsx","statementMap":{"0":{"start":{"line":1,"column":0},"end":{"line":1,"column":30}},"1":{"start":{"line":2,"column":0},"end":{"line":2,"column":49}},"2":{"start":{"line":3,"column":0},"end":{"line":3,"column":59}},"3":{"start":{"line":4,"column":0},"end":{"line":4,"column":37}},"4":{"start":{"line":5,"column":0},"end":{"line":5,"column":25}},"5":{"start":{"line":12,"column":10},"end":{"line":12,"column":20}},"6":{"start":{"line":12,"column":22},"end":{"line":12,"column":30}},"7":{"start":{"line":31,"column":2},"end":{"line":38,"column":4}},"8":{"start":{"line":41,"column":0},"end":{"line":41,"column":35}},"9":{"start":{"line":43,"column":0},"end":{"line":43,"column":24}}},"fnMap":{"0":{"name":"Provider","decl":{"start":{"line":11,"column":9},"end":{"line":11,"column":17}},"loc":{"start":{"line":11,"column":31},"end":{"line":39,"column":1}}}},"branchMap":{"0":{"loc":{"start":{"line":12,"column":10},"end":{"line":12,"column":19}},"type":"cond-expr","locations":[{"start":{"line":12,"column":10},"end":{"line":12,"column":19}},{"start":{"line":12,"column":10},"end":{"line":12,"column":20}}]}},"s":{"0":3,"1":3,"2":3,"3":3,"4":3,"5":12,"6":6,"7":6,"8":3,"9":3},"f":{"0":6},"b":{"0":[5,1]}}
,"/Users/son/Desktop/w/w-design/src/components/layout/Provider/resetCSS.ts": {"path":"/Users/son/Desktop/w/w-design/src/components/layout/Provider/resetCSS.ts","statementMap":{"0":{"start":{"line":1,"column":0},"end":{"line":1,"column":53}},"1":{"start":{"line":2,"column":0},"end":{"line":2,"column":57}},"2":{"start":{"line":5,"column":13},"end":{"line":27,"column":2}}},"fnMap":{},"branchMap":{"0":{"loc":{"start":{"line":5,"column":41},"end":{"line":5,"column":40}},"type":"binary-expr","locations":[{"start":{"line":5,"column":41},"end":{"line":5,"column":40}},{"start":{"line":5,"column":41},"end":{"line":27,"column":1}}]}},"s":{"0":3,"1":3,"2":3},"f":{},"b":{"0":[3,3]}}
}
