{"/Users/son/Desktop/w/w-design/src/components/layout/Container/ContainerWrap.tsx": {"path":"/Users/son/Desktop/w/w-design/src/components/layout/Container/ContainerWrap.tsx","statementMap":{"0":{"start":{"line":1,"column":0},"end":{"line":1,"column":38}},"1":{"start":{"line":2,"column":0},"end":{"line":2,"column":27}},"2":{"start":{"line":3,"column":0},"end":{"line":3,"column":37}},"3":{"start":{"line":4,"column":0},"end":{"line":4,"column":49}},"4":{"start":{"line":12,"column":13},"end":{"line":19,"column":2}},"5":{"start":{"line":18,"column":33},"end":{"line":18,"column":72}},"6":{"start":{"line":21,"column":0},"end":{"line":21,"column":44}}},"fnMap":{"0":{"name":"(anonymous_2)","decl":{"start":{"line":18,"column":15},"end":{"line":18,"column":15}},"loc":{"start":{"line":18,"column":28},"end":{"line":18,"column":72}}}},"branchMap":{"0":{"loc":{"start":{"line":12,"column":40},"end":{"line":12,"column":39}},"type":"binary-expr","locations":[{"start":{"line":12,"column":40},"end":{"line":12,"column":39}},{"start":{"line":12,"column":40},"end":{"line":19,"column":1}}]},"1":{"loc":{"start":{"line":18,"column":33},"end":{"line":18,"column":46}},"type":"binary-expr","locations":[{"start":{"line":18,"column":33},"end":{"line":18,"column":46}},{"start":{"line":18,"column":50},"end":{"line":18,"column":72}}]}},"s":{"0":0,"1":0,"2":0,"3":0,"4":0,"5":0,"6":0},"f":{"0":0},"b":{"0":[0,0],"1":[0,0]}}
,"/Users/son/Desktop/w/w-design/src/components/layout/Container/index.tsx": {"path":"/Users/son/Desktop/w/w-design/src/components/layout/Container/index.tsx","statementMap":{"0":{"start":{"line":1,"column":0},"end":{"line":1,"column":30}},"1":{"start":{"line":2,"column":0},"end":{"line":2,"column":47}},"2":{"start":{"line":14,"column":51},"end":{"line":18,"column":1}},"3":{"start":{"line":14,"column":60},"end":{"line":18,"column":1}},"4":{"start":{"line":20,"column":0},"end":{"line":20,"column":36}},"5":{"start":{"line":22,"column":0},"end":{"line":22,"column":25}}},"fnMap":{"0":{"name":"(anonymous_3)","decl":{"start":{"line":14,"column":51},"end":{"line":14,"column":50}},"loc":{"start":{"line":14,"column":56},"end":{"line":18,"column":1}}}},"branchMap":{},"s":{"0":0,"1":0,"2":0,"3":0,"4":0,"5":0},"f":{"0":0},"b":{}}
,"/Users/son/Desktop/w/w-design/src/components/layout/Provider/Root.tsx": {"path":"/Users/son/Desktop/w/w-design/src/components/layout/Provider/Root.tsx","statementMap":{"0":{"start":{"line":1,"column":0},"end":{"line":1,"column":38}},"1":{"start":{"line":2,"column":0},"end":{"line":2,"column":41}},"2":{"start":{"line":4,"column":15},"end":{"line":4,"column":27}},"3":{"start":{"line":6,"column":13},"end":{"line":119,"column":1}},"4":{"start":{"line":7,"column":33},"end":{"line":7,"column":50}},"5":{"start":{"line":121,"column":0},"end":{"line":121,"column":26}},"6":{"start":{"line":123,"column":0},"end":{"line":123,"column":20}}},"fnMap":{"0":{"name":"(anonymous_2)","decl":{"start":{"line":7,"column":17},"end":{"line":7,"column":17}},"loc":{"start":{"line":7,"column":28},"end":{"line":7,"column":50}}}},"branchMap":{"0":{"loc":{"start":{"line":6,"column":23},"end":{"line":6,"column":22}},"type":"binary-expr","locations":[{"start":{"line":6,"column":23},"end":{"line":6,"column":22}},{"start":{"line":6,"column":23},"end":{"line":119,"column":1}}]}},"s":{"0":1,"1":1,"2":1,"3":1,"4":4,"5":1,"6":1},"f":{"0":4},"b":{"0":[1,1]}}
,"/Users/son/Desktop/w/w-design/src/components/layout/Provider/index.tsx": {"path":"/Users/son/Desktop/w/w-design/src/components/layout/Provider/index.tsx","statementMap":{"0":{"start":{"line":1,"column":0},"end":{"line":1,"column":30}},"1":{"start":{"line":2,"column":0},"end":{"line":2,"column":49}},"2":{"start":{"line":3,"column":0},"end":{"line":3,"column":48}},"3":{"start":{"line":4,"column":0},"end":{"line":4,"column":37}},"4":{"start":{"line":5,"column":0},"end":{"line":5,"column":25}},"5":{"start":{"line":12,"column":10},"end":{"line":12,"column":20}},"6":{"start":{"line":12,"column":22},"end":{"line":12,"column":30}},"7":{"start":{"line":14,"column":2},"end":{"line":28,"column":5}},"8":{"start":{"line":15,"column":28},"end":{"line":15,"column":59}},"9":{"start":{"line":16,"column":4},"end":{"line":16,"column":33}},"10":{"start":{"line":17,"column":4},"end":{"line":17,"column":36}},"11":{"start":{"line":19,"column":4},"end":{"line":21,"column":5}},"12":{"start":{"line":20,"column":6},"end":{"line":20,"column":44}},"13":{"start":{"line":23,"column":4},"end":{"line":27,"column":6}},"14":{"start":{"line":24,"column":6},"end":{"line":26,"column":7}},"15":{"start":{"line":25,"column":8},"end":{"line":25,"column":46}},"16":{"start":{"line":30,"column":2},"end":{"line":34,"column":4}},"17":{"start":{"line":37,"column":0},"end":{"line":37,"column":35}},"18":{"start":{"line":39,"column":0},"end":{"line":39,"column":24}}},"fnMap":{"0":{"name":"Provider","decl":{"start":{"line":11,"column":9},"end":{"line":11,"column":17}},"loc":{"start":{"line":11,"column":26},"end":{"line":35,"column":1}}},"1":{"name":"(anonymous_6)","decl":{"start":{"line":14,"column":18},"end":{"line":null,"column":-1}},"loc":{"start":{"line":14,"column":18},"end":{"line":28,"column":3}}},"2":{"name":"(anonymous_7)","decl":{"start":{"line":23,"column":11},"end":{"line":null,"column":-1}},"loc":{"start":{"line":23,"column":11},"end":{"line":27,"column":5}}}},"branchMap":{"0":{"loc":{"start":{"line":12,"column":10},"end":{"line":12,"column":19}},"type":"cond-expr","locations":[{"start":{"line":12,"column":10},"end":{"line":12,"column":19}},{"start":{"line":12,"column":10},"end":{"line":12,"column":20}}]},"1":{"loc":{"start":{"line":19,"column":4},"end":{"line":21,"column":5}},"type":"if","locations":[{"start":{"line":19,"column":4},"end":{"line":21,"column":5}},{"start":{"line":19,"column":4},"end":{"line":21,"column":5}}]},"2":{"loc":{"start":{"line":19,"column":8},"end":{"line":19,"column":16}},"type":"binary-expr","locations":[{"start":{"line":19,"column":8},"end":{"line":19,"column":16}},{"start":{"line":19,"column":20},"end":{"line":19,"column":33}}]},"3":{"loc":{"start":{"line":24,"column":6},"end":{"line":26,"column":7}},"type":"if","locations":[{"start":{"line":24,"column":6},"end":{"line":26,"column":7}},{"start":{"line":24,"column":6},"end":{"line":26,"column":7}}]},"4":{"loc":{"start":{"line":24,"column":10},"end":{"line":24,"column":20}},"type":"binary-expr","locations":[{"start":{"line":24,"column":10},"end":{"line":24,"column":20}},{"start":{"line":24,"column":24},"end":{"line":24,"column":32}},{"start":{"line":24,"column":36},"end":{"line":24,"column":49}}]}},"s":{"0":1,"1":1,"2":1,"3":1,"4":1,"5":4,"6":2,"7":2,"8":1,"9":1,"10":1,"11":1,"12":1,"13":1,"14":0,"15":0,"16":2,"17":1,"18":1},"f":{"0":2,"1":1,"2":0},"b":{"0":[1,1],"1":[1,0],"2":[1,1],"3":[0,0],"4":[0,0,0]}}
,"/Users/son/Desktop/w/w-design/src/components/layout/Provider/resetCSS.ts": {"path":"/Users/son/Desktop/w/w-design/src/components/layout/Provider/resetCSS.ts","statementMap":{"0":{"start":{"line":1,"column":0},"end":{"line":1,"column":46}},"1":{"start":{"line":4,"column":13},"end":{"line":198,"column":2}}},"fnMap":{},"branchMap":{},"s":{"0":1,"1":1},"f":{},"b":{}}
}
