TN:
SF:/Users/son/Desktop/w/w-design/src/components/elements/Spinner/index.tsx
FN:15,(anonymous_6)
FN:29,(anonymous_7)
FN:51,(anonymous_8)
FNF:3
FNH:3
FNDA:2,(anonymous_6)
FNDA:2,(anonymous_7)
FNDA:1,(anonymous_8)
DA:1,1
DA:2,1
DA:3,1
DA:4,1
DA:5,1
DA:7,1
DA:15,2
DA:30,2
DA:51,1
DA:55,1
LF:10
LH:10
BRDA:7,0,0,1
BRDA:7,0,1,1
BRDA:15,1,0,2
BRDA:15,1,1,0
BRDA:31,2,0,0
BRDA:31,2,1,2
BRF:6
BRH:4
end_of_record
TN:
SF:/Users/son/Desktop/w/w-design/src/components/layout/Container/ContainerWrap.tsx
FNF:0
FNH:0
DA:1,1
DA:2,1
DA:3,1
DA:5,1
DA:16,1
LF:5
LH:5
BRDA:5,0,0,1
BRDA:5,0,1,1
BRF:2
BRH:2
end_of_record
TN:
SF:/Users/son/Desktop/w/w-design/src/components/layout/Container/index.tsx
FN:14,(anonymous_3)
FNF:1
FNH:1
FNDA:1,(anonymous_3)
DA:1,1
DA:2,1
DA:14,1
DA:20,1
DA:22,1
LF:5
LH:5
BRF:0
BRH:0
end_of_record
TN:
SF:/Users/son/Desktop/w/w-design/src/components/layout/Grid/Column.tsx
FNF:0
FNH:0
DA:1,0
DA:2,0
DA:3,0
DA:13,0
DA:27,0
LF:5
LH:0
BRDA:13,0,0,0
BRDA:13,0,1,0
BRF:2
BRH:0
end_of_record
TN:
SF:/Users/son/Desktop/w/w-design/src/components/layout/Grid/GridWrap.tsx
FN:15,(anonymous_2)
FN:26,(anonymous_3)
FNF:2
FNH:0
FNDA:0,(anonymous_2)
FNDA:0,(anonymous_3)
DA:1,0
DA:8,0
DA:17,0
DA:27,0
DA:35,0
LF:5
LH:0
BRDA:8,0,0,0
BRDA:8,0,1,0
BRDA:17,1,0,0
BRDA:17,1,1,0
BRDA:27,2,0,0
BRDA:27,2,1,0
BRF:6
BRH:0
end_of_record
TN:
SF:/Users/son/Desktop/w/w-design/src/components/layout/Grid/index.tsx
FN:5,(anonymous_9)
FN:8,(anonymous_11)
FN:9,(anonymous_12)
FNF:3
FNH:0
FNDA:0,(anonymous_9)
FNDA:0,(anonymous_11)
FNDA:0,(anonymous_12)
DA:1,0
DA:2,0
DA:3,0
DA:5,0
DA:6,0
DA:8,0
DA:9,0
DA:10,0
DA:13,0
DA:15,0
DA:17,0
LF:11
LH:0
BRF:0
BRH:0
end_of_record
TN:
SF:/Users/son/Desktop/w/w-design/src/components/layout/Provider/Root.tsx
FN:7,(anonymous_2)
FNF:1
FNH:1
FNDA:6,(anonymous_2)
DA:1,2
DA:2,2
DA:4,2
DA:6,2
DA:7,6
DA:121,2
DA:123,2
LF:7
LH:7
BRDA:6,0,0,2
BRDA:6,0,1,2
BRF:2
BRH:2
end_of_record
TN:
SF:/Users/son/Desktop/w/w-design/src/components/layout/Provider/index.tsx
FN:11,Provider
FN:14,(anonymous_6)
FN:23,(anonymous_7)
FNF:3
FNH:3
FNDA:3,Provider
FNDA:2,(anonymous_6)
FNDA:2,(anonymous_7)
DA:1,2
DA:2,2
DA:3,2
DA:4,2
DA:5,2
DA:12,6
DA:14,3
DA:15,2
DA:16,2
DA:17,2
DA:19,2
DA:20,2
DA:23,2
DA:24,2
DA:25,2
DA:26,2
DA:31,3
DA:38,2
DA:40,2
LF:19
LH:19
BRDA:12,0,0,2
BRDA:12,0,1,1
BRDA:19,1,0,2
BRDA:19,1,1,0
BRDA:19,2,0,2
BRDA:19,2,1,2
BRDA:24,3,0,2
BRDA:24,3,1,0
BRDA:24,4,0,2
BRDA:24,4,1,2
BRDA:24,4,2,2
BRF:11
BRH:9
end_of_record
TN:
SF:/Users/son/Desktop/w/w-design/src/components/layout/Provider/resetCSS.ts
FNF:0
FNH:0
DA:1,2
DA:4,2
LF:2
LH:2
BRF:0
BRH:0
end_of_record
