TN:
SF:/Users/son/Desktop/w/w-design/src/components/components/FormGroup/index.ts
FNF:0
FNH:0
DA:5,1
DA:7,1
DA:41,1
LF:3
LH:3
BRDA:7,0,0,1
BRDA:7,0,1,1
BRF:2
BRH:2
end_of_record
TN:
SF:/Users/son/Desktop/w/w-design/src/components/components/InputForm/Styled.ts
FN:6,(anonymous_2)
FN:13,(anonymous_3)
FN:14,(anonymous_4)
FN:15,(anonymous_5)
FN:22,(anonymous_6)
FN:33,(anonymous_7)
FN:34,(anonymous_8)
FNF:7
FNH:5
FNDA:18,(anonymous_2)
FNDA:4,(anonymous_3)
FNDA:4,(anonymous_4)
FNDA:4,(anonymous_5)
FNDA:4,(anonymous_6)
FNDA:0,(anonymous_7)
FNDA:0,(anonymous_8)
DA:1,1
DA:4,1
DA:6,18
DA:9,1
DA:11,1
DA:13,4
DA:14,4
DA:15,4
DA:17,1
DA:19,1
DA:23,4
DA:24,4
DA:25,4
DA:26,4
DA:27,4
DA:30,1
DA:32,1
DA:33,0
DA:34,0
LF:19
LH:17
BRDA:4,0,0,1
BRDA:4,0,1,1
BRDA:11,1,0,1
BRDA:11,1,1,1
BRDA:19,2,0,1
BRDA:19,2,1,1
BRDA:24,3,0,0
BRDA:24,3,1,4
BRDA:25,4,0,0
BRDA:25,4,1,4
BRDA:26,5,0,0
BRDA:26,5,1,4
BRDA:32,6,0,1
BRDA:32,6,1,1
BRF:14
BRH:11
end_of_record
TN:
SF:/Users/son/Desktop/w/w-design/src/components/components/InputForm/index.tsx
FN:12,(anonymous_5)
FNF:1
FNH:1
FNDA:9,(anonymous_5)
DA:5,1
DA:6,1
DA:8,1
DA:12,1
DA:14,9
DA:15,9
DA:16,9
DA:17,9
DA:18,9
DA:19,9
DA:20,9
DA:21,9
DA:22,9
DA:24,9
DA:49,1
LF:15
LH:15
BRDA:26,0,0,9
BRDA:26,0,1,2
BRDA:28,1,0,2
BRDA:28,1,1,0
BRDA:40,2,0,9
BRDA:40,2,1,2
BRF:6
BRH:5
end_of_record
TN:
SF:/Users/son/Desktop/w/w-design/src/components/components/Modal/Styled.ts
FN:8,(anonymous_2)
FN:26,(anonymous_3)
FN:27,(anonymous_4)
FN:30,(anonymous_5)
FN:35,(anonymous_6)
FN:53,(anonymous_7)
FN:71,(anonymous_8)
FN:72,(anonymous_9)
FN:77,(anonymous_10)
FNF:9
FNH:9
FNDA:2,(anonymous_2)
FNDA:2,(anonymous_3)
FNDA:2,(anonymous_4)
FNDA:2,(anonymous_5)
FNDA:2,(anonymous_6)
FNDA:2,(anonymous_7)
FNDA:2,(anonymous_8)
FNDA:2,(anonymous_9)
FNDA:2,(anonymous_10)
DA:1,1
DA:3,1
DA:5,1
DA:8,2
DA:22,1
DA:24,1
DA:26,2
DA:27,2
DA:30,2
DA:36,2
DA:37,0
DA:38,2
DA:39,0
DA:41,2
DA:49,1
DA:51,1
DA:53,2
DA:58,1
DA:60,1
DA:68,1
DA:70,1
DA:71,2
DA:72,2
DA:74,1
DA:76,1
DA:77,2
DA:80,1
LF:27
LH:25
BRDA:5,0,0,1
BRDA:5,0,1,1
BRDA:24,1,0,1
BRDA:24,1,1,1
BRDA:36,2,0,0
BRDA:36,2,1,2
BRDA:38,3,0,0
BRDA:38,3,1,2
BRDA:51,4,0,1
BRDA:51,4,1,1
BRDA:60,5,0,1
BRDA:60,5,1,1
BRDA:70,6,0,1
BRDA:70,6,1,1
BRDA:76,7,0,1
BRDA:76,7,1,1
BRF:16
BRH:14
end_of_record
TN:
SF:/Users/son/Desktop/w/w-design/src/components/components/Modal/index.tsx
FN:15,(anonymous_4)
FN:22,(anonymous_5)
FN:28,(anonymous_6)
FN:42,(anonymous_7)
FNF:4
FNH:4
FNDA:1,(anonymous_4)
FNDA:1,(anonymous_5)
FNDA:1,(anonymous_6)
FNDA:1,(anonymous_7)
DA:1,1
DA:2,1
DA:3,1
DA:4,1
DA:5,1
DA:15,1
DA:16,2
DA:19,1
DA:22,1
DA:24,1
DA:26,1
DA:28,1
DA:29,1
DA:31,1
DA:37,1
DA:38,0
DA:42,1
DA:44,1
DA:46,1
DA:50,1
DA:77,1
LF:21
LH:20
BRDA:16,0,0,1
BRDA:16,0,1,0
BRDA:29,1,0,1
BRDA:29,1,1,0
BRDA:37,2,0,0
BRDA:37,2,1,1
BRDA:70,3,0,1
BRDA:70,3,1,1
BRF:8
BRH:5
end_of_record
TN:
SF:/Users/son/Desktop/w/w-design/src/components/components/Navbar/NavCenter.ts
FNF:0
FNH:0
DA:1,1
DA:3,1
DA:12,1
LF:3
LH:3
BRDA:3,0,0,1
BRDA:3,0,1,1
BRF:2
BRH:2
end_of_record
TN:
SF:/Users/son/Desktop/w/w-design/src/components/components/Navbar/NavSection.ts
FNF:0
FNH:0
DA:1,1
DA:3,1
DA:13,1
LF:3
LH:3
BRDA:3,0,0,1
BRDA:3,0,1,1
BRF:2
BRH:2
end_of_record
TN:
SF:/Users/son/Desktop/w/w-design/src/components/components/Navbar/index.tsx
FN:19,(anonymous_12)
FN:23,(anonymous_14)
FN:28,(anonymous_15)
FNF:3
FNH:3
FNDA:2,(anonymous_12)
FNDA:1,(anonymous_14)
FNDA:2,(anonymous_15)
DA:1,1
DA:2,1
DA:4,1
DA:5,1
DA:11,1
DA:17,1
DA:19,1
DA:20,1
DA:21,1
DA:23,1
DA:24,1
DA:26,1
DA:29,2
DA:34,1
DA:36,1
LF:15
LH:15
BRDA:11,0,0,1
BRDA:11,0,1,1
BRF:2
BRH:2
end_of_record
TN:
SF:/Users/son/Desktop/w/w-design/src/components/elements/Button/getButtonStyle.ts
FN:96,(anonymous_1)
FN:113,getButtonStyle
FNF:2
FNH:2
FNDA:20,(anonymous_1)
FNDA:20,getButtonStyle
DA:1,2
DA:3,2
DA:12,2
DA:14,2
DA:26,2
DA:37,2
DA:48,2
DA:59,2
DA:60,2
DA:71,2
DA:82,2
DA:83,2
DA:96,2
DA:97,20
DA:98,20
DA:99,0
DA:101,0
DA:110,20
DA:113,2
DA:114,20
DA:115,40
DA:119,20
DA:122,20
DA:123,20
DA:124,20
DA:127,20
DA:128,20
DA:129,20
DA:130,20
DA:131,20
DA:132,20
DA:133,20
DA:135,20
DA:136,0
DA:137,0
DA:138,0
DA:139,0
DA:140,0
DA:141,0
DA:142,0
DA:144,0
DA:145,0
DA:146,0
DA:147,0
DA:148,0
DA:149,0
DA:150,0
DA:153,0
DA:154,0
DA:155,0
DA:156,0
DA:157,0
DA:158,0
DA:159,0
DA:162,0
DA:163,0
DA:164,0
DA:165,0
DA:166,0
DA:167,0
DA:168,0
DA:169,0
DA:173,20
DA:176,20
DA:178,20
LF:65
LH:34
BRDA:98,0,0,0
BRDA:98,0,1,20
BRDA:99,1,0,0
BRDA:99,1,1,0
BRDA:99,2,0,0
BRDA:99,2,1,0
BRDA:101,3,0,0
BRDA:101,3,1,0
BRDA:115,4,0,0
BRDA:115,4,1,20
BRDA:115,5,0,0
BRDA:115,5,1,20
BRDA:119,6,0,0
BRDA:119,6,1,20
BRDA:122,7,0,2
BRDA:122,7,1,18
BRDA:135,8,0,0
BRDA:135,8,1,20
BRDA:144,9,0,0
BRDA:144,9,1,0
BRDA:153,10,0,0
BRDA:153,10,1,0
BRDA:162,11,0,0
BRDA:162,11,1,0
BRDA:173,12,0,0
BRDA:173,12,1,20
BRDA:178,13,0,20
BRDA:178,13,1,2
BRDA:194,14,0,4
BRDA:194,14,1,16
BRDA:194,15,0,20
BRDA:194,15,1,18
BRF:32
BRH:14
end_of_record
TN:
SF:/Users/son/Desktop/w/w-design/src/components/elements/Button/index.tsx
FN:25,(anonymous_6)
FN:27,(anonymous_7)
FN:66,Button
FN:105,(anonymous_9)
FN:110,(anonymous_10)
FN:112,(anonymous_11)
FNF:6
FNH:4
FNDA:0,(anonymous_6)
FNDA:0,(anonymous_7)
FNDA:10,Button
FNDA:11,(anonymous_9)
FNDA:10,(anonymous_10)
FNDA:1,(anonymous_11)
DA:1,2
DA:2,2
DA:4,2
DA:5,2
DA:12,2
DA:15,2
DA:25,2
DA:28,0
DA:29,0
DA:31,0
DA:43,2
DA:47,2
DA:49,2
DA:59,2
DA:61,2
DA:64,2
DA:68,10
DA:69,20
DA:70,20
DA:71,20
DA:72,10
DA:73,10
DA:74,10
DA:75,10
DA:76,10
DA:77,10
DA:78,10
DA:79,10
DA:80,10
DA:81,10
DA:82,10
DA:83,20
DA:84,20
DA:85,20
DA:86,10
DA:87,10
DA:88,10
DA:89,10
DA:90,10
DA:91,10
DA:92,10
DA:97,10
DA:98,0
DA:100,10
DA:105,10
DA:106,11
DA:107,11
DA:110,10
DA:111,10
DA:112,10
DA:115,10
DA:154,2
LF:52
LH:48
BRDA:12,0,0,2
BRDA:12,0,1,2
BRDA:15,1,0,2
BRDA:15,1,1,2
BRDA:28,2,0,0
BRDA:28,2,1,0
BRDA:43,3,0,2
BRDA:43,3,1,2
BRDA:49,4,0,2
BRDA:49,4,1,2
BRDA:61,5,0,2
BRDA:61,5,1,2
BRDA:69,6,0,1
BRDA:69,6,1,9
BRDA:70,7,0,10
BRDA:70,7,1,0
BRDA:71,8,0,9
BRDA:71,8,1,1
BRDA:83,9,0,10
BRDA:83,9,1,0
BRDA:84,10,0,10
BRDA:84,10,1,0
BRDA:85,11,0,10
BRDA:85,11,1,0
BRDA:97,12,0,0
BRDA:97,12,1,10
BRDA:98,13,0,0
BRDA:98,13,1,0
BRDA:107,14,0,0
BRDA:107,14,1,11
BRDA:111,15,0,0
BRDA:111,15,1,10
BRDA:111,16,0,10
BRDA:111,16,1,0
BRDA:144,17,0,0
BRDA:144,17,1,10
BRDA:147,18,0,10
BRDA:147,18,1,1
BRDA:149,19,0,10
BRDA:149,19,1,0
BRF:40
BRH:26
end_of_record
TN:
SF:/Users/son/Desktop/w/w-design/src/components/elements/CustomTag/index.tsx
FN:11,(anonymous_5)
FNF:1
FNH:1
FNDA:8,(anonymous_5)
DA:1,2
DA:2,2
DA:11,8
DA:12,8
DA:14,2
LF:5
LH:5
BRDA:12,0,0,8
BRDA:12,0,1,0
BRF:2
BRH:1
end_of_record
TN:
SF:/Users/son/Desktop/w/w-design/src/components/elements/Icon/index.tsx
FN:6,(anonymous_1)
FNF:1
FNH:1
FNDA:2,(anonymous_1)
DA:4,3
DA:6,3
DA:10,3
LF:3
LH:3
BRF:0
BRH:0
end_of_record
TN:
SF:/Users/son/Desktop/w/w-design/src/components/elements/InputField/getInputStyle.ts
FN:12,(anonymous_1)
FN:16,(anonymous_2)
FN:23,(anonymous_3)
FNF:3
FNH:3
FNDA:18,(anonymous_1)
FNDA:18,(anonymous_2)
FNDA:36,(anonymous_3)
DA:1,1
DA:3,1
DA:12,1
DA:13,36
DA:14,18
DA:16,18
DA:17,18
DA:18,16
DA:19,14
DA:20,12
DA:23,18
DA:24,36
DA:25,32
DA:26,28
DA:27,24
DA:31,18
DA:32,18
DA:33,18
DA:34,18
DA:36,18
LF:20
LH:20
BRDA:13,0,0,0
BRDA:13,0,1,18
BRDA:17,1,0,2
BRDA:17,1,1,16
BRDA:18,2,0,2
BRDA:18,2,1,14
BRDA:19,3,0,2
BRDA:19,3,1,12
BRDA:24,4,0,4
BRDA:24,4,1,32
BRDA:25,5,0,4
BRDA:25,5,1,28
BRDA:26,6,0,4
BRDA:26,6,1,24
BRDA:31,7,0,18
BRDA:31,7,1,0
BRDA:36,8,0,18
BRDA:36,8,1,1
BRF:18
BRH:16
end_of_record
TN:
SF:/Users/son/Desktop/w/w-design/src/components/elements/InputField/index.tsx
FN:15,(anonymous_6)
FN:41,(anonymous_7)
FN:46,(anonymous_8)
FN:48,(anonymous_9)
FNF:4
FNH:4
FNDA:9,(anonymous_6)
FNDA:18,(anonymous_7)
FNDA:9,(anonymous_8)
FNDA:9,(anonymous_9)
DA:5,1
DA:6,1
DA:8,1
DA:10,1
DA:13,1
DA:15,1
DA:17,9
DA:18,18
DA:19,18
DA:20,9
DA:21,9
DA:22,9
DA:23,18
DA:24,18
DA:25,9
DA:26,9
DA:27,9
DA:28,9
DA:29,9
DA:30,9
DA:31,9
DA:32,18
DA:33,18
DA:34,9
DA:35,9
DA:36,9
DA:41,9
DA:42,18
DA:43,18
DA:46,9
DA:47,9
DA:48,9
DA:51,9
DA:77,1
LF:34
LH:34
BRDA:10,0,0,1
BRDA:10,0,1,1
BRDA:18,1,0,9
BRDA:18,1,1,0
BRDA:19,2,0,9
BRDA:19,2,1,0
BRDA:23,3,0,9
BRDA:23,3,1,0
BRDA:24,4,0,9
BRDA:24,4,1,0
BRDA:32,5,0,8
BRDA:32,5,1,1
BRDA:33,6,0,8
BRDA:33,6,1,1
BRDA:43,7,0,0
BRDA:43,7,1,18
BRDA:47,8,0,1
BRDA:47,8,1,8
BRDA:47,9,0,9
BRDA:47,9,1,1
BRDA:69,10,0,1
BRDA:69,10,1,8
BRF:22
BRH:17
end_of_record
TN:
SF:/Users/son/Desktop/w/w-design/src/components/elements/Portal/index.tsx
FN:8,(anonymous_1)
FN:12,(anonymous_2)
FN:14,(anonymous_3)
FNF:3
FNH:3
FNDA:2,(anonymous_1)
FNDA:2,(anonymous_2)
FNDA:2,(anonymous_3)
DA:1,2
DA:2,2
DA:8,2
DA:9,2
DA:10,2
DA:12,2
DA:13,2
DA:14,2
DA:15,2
DA:19,2
DA:22,2
LF:11
LH:11
BRF:0
BRH:0
end_of_record
TN:
SF:/Users/son/Desktop/w/w-design/src/components/elements/Spinner/index.tsx
FN:18,(anonymous_2)
FN:19,(anonymous_3)
FN:33,(anonymous_4)
FNF:3
FNH:3
FNDA:4,(anonymous_2)
FNDA:4,(anonymous_3)
FNDA:4,(anonymous_4)
DA:1,3
DA:2,3
DA:3,3
DA:11,3
DA:18,4
DA:19,4
DA:34,4
DA:54,3
DA:58,3
LF:9
LH:9
BRDA:11,0,0,3
BRDA:11,0,1,3
BRDA:18,1,0,2
BRDA:18,1,1,2
BRDA:35,2,0,2
BRDA:35,2,1,2
BRDA:54,3,0,3
BRDA:54,3,1,3
BRF:8
BRH:8
end_of_record
TN:
SF:/Users/son/Desktop/w/w-design/src/components/elements/Typo/index.tsx
FN:7,(anonymous_5)
FN:15,(anonymous_6)
FN:17,(anonymous_7)
FNF:3
FNH:3
FNDA:8,(anonymous_5)
FNDA:16,(anonymous_6)
FNDA:16,(anonymous_7)
DA:1,2
DA:2,2
DA:3,2
DA:5,2
DA:7,8
DA:13,2
DA:15,16
DA:18,16
DA:20,16
DA:22,4
DA:24,2
DA:26,2
DA:28,2
DA:30,4
DA:32,2
DA:34,0
DA:39,2
DA:41,2
LF:18
LH:17
BRDA:8,0,0,2
BRDA:8,0,1,6
BRDA:13,1,0,2
BRDA:13,1,1,2
BRDA:21,2,0,4
BRDA:21,2,1,2
BRDA:21,2,2,2
BRDA:21,2,3,2
BRDA:21,2,4,4
BRDA:21,2,5,2
BRDA:21,2,6,0
BRF:11
BRH:10
end_of_record
TN:
SF:/Users/son/Desktop/w/w-design/src/components/layout/Container/index.tsx
FNF:0
FNH:0
DA:6,1
DA:7,1
DA:8,1
DA:10,1
DA:21,1
DA:23,1
LF:6
LH:6
BRDA:10,0,0,1
BRDA:10,0,1,1
BRF:2
BRH:2
end_of_record
TN:
SF:/Users/son/Desktop/w/w-design/src/components/layout/DisplayElement/index.tsx
FN:14,(anonymous_5)
FNF:1
FNH:1
FNDA:1,(anonymous_5)
DA:1,1
DA:2,1
DA:3,1
DA:4,1
DA:6,1
DA:14,1
DA:20,1
LF:7
LH:7
BRDA:6,0,0,1
BRDA:6,0,1,1
BRF:2
BRH:2
end_of_record
TN:
SF:/Users/son/Desktop/w/w-design/src/components/layout/Flexbox/Column.tsx
FNF:0
FNH:0
DA:1,1
DA:2,1
DA:3,1
DA:13,1
DA:27,1
LF:5
LH:5
BRDA:13,0,0,1
BRDA:13,0,1,1
BRF:2
BRH:2
end_of_record
TN:
SF:/Users/son/Desktop/w/w-design/src/components/layout/Flexbox/Flex.tsx
FN:15,(anonymous_2)
FN:26,(anonymous_3)
FNF:2
FNH:2
FNDA:2,(anonymous_2)
FNDA:2,(anonymous_3)
DA:1,1
DA:8,1
DA:17,2
DA:27,2
DA:35,1
LF:5
LH:5
BRDA:8,0,0,1
BRDA:8,0,1,1
BRDA:17,1,0,2
BRDA:17,1,1,0
BRDA:27,2,0,2
BRDA:27,2,1,0
BRF:6
BRH:4
end_of_record
TN:
SF:/Users/son/Desktop/w/w-design/src/components/layout/Flexbox/index.tsx
FN:10,(anonymous_10)
FN:13,(anonymous_12)
FN:18,(anonymous_13)
FNF:3
FNH:3
FNDA:2,(anonymous_10)
FNDA:1,(anonymous_12)
FNDA:1,(anonymous_13)
DA:1,1
DA:2,1
DA:3,1
DA:10,1
DA:11,1
DA:13,1
DA:14,1
DA:16,1
DA:19,1
DA:24,1
DA:26,1
LF:11
LH:11
BRF:0
BRH:0
end_of_record
TN:
SF:/Users/son/Desktop/w/w-design/src/components/layout/Provider/Root.tsx
FN:7,(anonymous_2)
FN:113,(anonymous_3)
FN:118,(anonymous_4)
FNF:3
FNH:3
FNDA:28,(anonymous_2)
FNDA:28,(anonymous_3)
FNDA:28,(anonymous_4)
DA:1,9
DA:2,9
DA:4,9
DA:6,9
DA:7,28
DA:113,28
DA:118,28
DA:123,9
DA:125,9
LF:9
LH:9
BRDA:6,0,0,9
BRDA:6,0,1,9
BRF:2
BRH:2
end_of_record
TN:
SF:/Users/son/Desktop/w/w-design/src/components/layout/Provider/index.tsx
FN:11,Provider
FNF:1
FNH:1
FNDA:14,Provider
DA:1,9
DA:2,9
DA:3,9
DA:4,9
DA:5,9
DA:12,28
DA:31,14
DA:41,9
DA:43,9
LF:9
LH:9
BRDA:12,0,0,13
BRDA:12,0,1,1
BRF:2
BRH:2
end_of_record
TN:
SF:/Users/son/Desktop/w/w-design/src/components/layout/Provider/resetCSS.ts
FNF:0
FNH:0
DA:1,9
DA:2,9
DA:5,9
LF:3
LH:3
BRDA:5,0,0,9
BRDA:5,0,1,9
BRF:2
BRH:2
end_of_record
